2017-01-27 00:35:08 [::1][-][-][error][yii\base\InvalidConfigException] exception 'yii\base\InvalidConfigException' with message 'yii\web\Request::cookieValidationKey must be configured with a secret key.' in C:\AppServ\www\basic\vendor\yiisoft\yii2\web\Request.php:1254
Stack trace:
#0 C:\AppServ\www\basic\vendor\yiisoft\yii2\web\Request.php(1236): yii\web\Request->loadCookies()
#1 C:\AppServ\www\basic\vendor\yiisoft\yii2\web\Request.php(1321): yii\web\Request->getCookies()
#2 C:\AppServ\www\basic\vendor\yiisoft\yii2\web\Request.php(1300): yii\web\Request->loadCsrfToken()
#3 C:\AppServ\www\basic\vendor\yiisoft\yii2\helpers\BaseHtml.php(295): yii\web\Request->getCsrfToken()
#4 C:\AppServ\www\basic\views\layouts\main.php(20): yii\helpers\BaseHtml::csrfMetaTags()
#5 C:\AppServ\www\basic\vendor\yiisoft\yii2\base\View.php(326): require('C:\\AppServ\\www\\...')
#6 C:\AppServ\www\basic\vendor\yiisoft\yii2\base\View.php(248): yii\base\View->renderPhpFile('C:\\AppServ\\www\\...', Array)
#7 C:\AppServ\www\basic\vendor\yiisoft\yii2\base\Controller.php(393): yii\base\View->renderFile('C:\\AppServ\\www\\...', Array, Object(app\controllers\SiteController))
#8 C:\AppServ\www\basic\vendor\yiisoft\yii2\base\Controller.php(379): yii\base\Controller->renderContent('<div class="sit...')
#9 C:\AppServ\www\basic\controllers\SiteController.php(63): yii\base\Controller->render('index')
#10 [internal function]: app\controllers\SiteController->actionIndex()
#11 C:\AppServ\www\basic\vendor\yiisoft\yii2\base\InlineAction.php(55): call_user_func_array(Array, Array)
#12 C:\AppServ\www\basic\vendor\yiisoft\yii2\base\Controller.php(154): yii\base\InlineAction->runWithParams(Array)
#13 C:\AppServ\www\basic\vendor\yiisoft\yii2\base\Module.php(454): yii\base\Controller->runAction('', Array)
#14 C:\AppServ\www\basic\vendor\yiisoft\yii2\web\Application.php(100): yii\base\Module->runAction('', Array)
#15 C:\AppServ\www\basic\vendor\yiisoft\yii2\base\Application.php(375): yii\web\Application->handleRequest(Object(yii\web\Request))
#16 C:\AppServ\www\basic\web\index.php(12): yii\base\Application->run()
#17 {main}
2017-01-27 00:35:07 [::1][-][-][info][application] $_SERVER = [
    'HTTP_ACCEPT' => 'text/html, application/xhtml+xml, image/jxr, */*'
    'HTTP_REFERER' => 'http://localhost/basic/'
    'HTTP_ACCEPT_LANGUAGE' => 'en-US,en;q=0.7,th;q=0.3'
    'HTTP_USER_AGENT' => 'Mozilla/5.0 (Windows NT 10.0; WOW64; Trident/7.0; rv:11.0) like Gecko'
    'HTTP_ACCEPT_ENCODING' => 'gzip, deflate'
    'HTTP_HOST' => 'localhost'
    'HTTP_CONNECTION' => 'Keep-Alive'
    'PATH' => 'C:\\Program Files (x86)\\Borland\\Delphi7\\Bin;C:\\Program Files (x86)\\Borland\\Delphi7\\Projects\\Bpl\\;C:\\Program Files (x86)\\Intel\\iCLS Client\\;C:\\Program Files\\Intel\\iCLS Client\\;C:\\Windows\\system32;C:\\Windows;C:\\Windows\\System32\\Wbem;C:\\Windows\\System32\\WindowsPowerShell\\v1.0\\;C:\\Program Files (x86)\\Intel\\Intel(R) Management Engine Components\\DAL;C:\\Program Files\\Intel\\Intel(R) Management Engine Components\\DAL;C:\\Program Files (x86)\\Intel\\Intel(R) Management Engine Components\\IPT;C:\\Program Files\\Intel\\Intel(R) Management Engine Components\\IPT;C:\\Program Files (x86)\\Microsoft SQL Server\\90\\Tools\\binn\\;C:\\Windows\\system32\\config\\systemprofile\\AppData\\Local\\Microsoft\\WindowsApps'
    'SystemRoot' => 'C:\\Windows'
    'COMSPEC' => 'C:\\Windows\\system32\\cmd.exe'
    'PATHEXT' => '.COM;.EXE;.BAT;.CMD;.VBS;.VBE;.JS;.JSE;.WSF;.WSH;.MSC'
    'WINDIR' => 'C:\\Windows'
    'SERVER_SIGNATURE' => ''
    'SERVER_SOFTWARE' => 'Apache/2.4.23 (Win32) OpenSSL/1.0.2h PHP/5.6.26'
    'SERVER_NAME' => 'localhost'
    'SERVER_ADDR' => '::1'
    'SERVER_PORT' => '80'
    'REMOTE_ADDR' => '::1'
    'DOCUMENT_ROOT' => 'C:/AppServ/www'
    'REQUEST_SCHEME' => 'http'
    'CONTEXT_PREFIX' => ''
    'CONTEXT_DOCUMENT_ROOT' => 'C:/AppServ/www'
    'SERVER_ADMIN' => 'admin@example.com'
    'SCRIPT_FILENAME' => 'C:/AppServ/www/basic/web/index.php'
    'REMOTE_PORT' => '65232'
    'GATEWAY_INTERFACE' => 'CGI/1.1'
    'SERVER_PROTOCOL' => 'HTTP/1.1'
    'REQUEST_METHOD' => 'GET'
    'QUERY_STRING' => ''
    'REQUEST_URI' => '/basic/web/'
    'SCRIPT_NAME' => '/basic/web/index.php'
    'PHP_SELF' => '/basic/web/index.php'
    'REQUEST_TIME_FLOAT' => 1485477307.8
    'REQUEST_TIME' => 1485477307
]
